[20:28:06] [ServerMain/INFO]: Building unoptimized datafixer
[20:28:10] [ServerMain/INFO]: Environment: authHost='https://authserver.mojang.com', accountsHost='https://api.mojang.com', sessionHost='https://sessionserver.mojang.com', servicesHost='https://api.minecraftservices.com', name='PROD'
[20:28:14] [ServerMain/INFO]: Loaded 7 recipes
[20:28:18] [Server thread/INFO]: Starting minecraft server version 1.19.2
[20:28:18] [Server thread/INFO]: Loading properties
[20:28:19] [Server thread/INFO]: This server is running Paper version git-Paper-307 (MC: 1.19.2) (Implementing API version 1.19.2-R0.1-SNAPSHOT) (Git: 476ef25)
[20:28:19] [Server thread/WARN]: Couldn't load server icon
java.lang.IllegalArgumentException: Must be 64 pixels wide
	at org.apache.commons.lang.Validate.isTrue(Validate.java:136) ~[commons-lang-2.6.jar:2.6]
	at org.bukkit.craftbukkit.v1_19_R1.CraftServer.loadServerIcon0(CraftServer.java:2326) ~[paper-1.19.2.jar:git-Paper-307]
	at org.bukkit.craftbukkit.v1_19_R1.CraftServer.loadServerIcon0(CraftServer.java:2314) ~[paper-1.19.2.jar:git-Paper-307]
	at org.bukkit.craftbukkit.v1_19_R1.CraftServer.loadIcon(CraftServer.java:1069) ~[paper-1.19.2.jar:git-Paper-307]
	at org.bukkit.craftbukkit.v1_19_R1.CraftServer.<init>(CraftServer.java:368) ~[paper-1.19.2.jar:git-Paper-307]
	at net.minecraft.server.players.PlayerList.<init>(PlayerList.java:163) ~[paper-1.19.2.jar:git-Paper-307]
	at net.minecraft.server.dedicated.DedicatedPlayerList.<init>(DedicatedPlayerList.java:15) ~[paper-1.19.2.jar:git-Paper-307]
	at net.minecraft.server.dedicated.DedicatedServer.initServer(DedicatedServer.java:208) ~[paper-1.19.2.jar:git-Paper-307]
	at net.minecraft.server.MinecraftServer.runServer(MinecraftServer.java:1100) ~[paper-1.19.2.jar:git-Paper-307]
	at net.minecraft.server.MinecraftServer.lambda$spin$0(MinecraftServer.java:305) ~[paper-1.19.2.jar:git-Paper-307]
	at java.lang.Thread.run(Thread.java:840) ~[?:?]
[20:28:19] [Server thread/INFO]: Server Ping Player Sample Count: 12
[20:28:19] [Server thread/INFO]: Using 4 threads for Netty based IO
[20:28:20] [Server thread/INFO]: [ChunkTaskScheduler] Chunk system is using 1 I/O threads, 1 worker threads, and gen parallelism of 1 threads
[20:28:21] [Server thread/INFO]: Default game type: SURVIVAL
[20:28:21] [Server thread/INFO]: Generating keypair
[20:28:21] [Server thread/INFO]: Starting Minecraft server on *:25565
[20:28:21] [Server thread/INFO]: Using epoll channel type
[20:28:21] [Server thread/INFO]: Paper: Using libdeflate (Linux x86_64) compression from Velocity.
[20:28:21] [Server thread/INFO]: Paper: Using OpenSSL 1.1.x (Linux x86_64) cipher from Velocity.
[20:28:23] [Server thread/INFO]: [WorldEdit] Loading WorldEdit v7.2.14+6360-094b734
[20:28:24] [Server thread/INFO]: Got request to register class com.sk89q.worldedit.bukkit.BukkitServerInterface with WorldEdit [com.sk89q.worldedit.extension.platform.PlatformManager@20eca495]
[20:28:24] [Server thread/INFO]: [ViaVersion] Loading ViaVersion v5.2.1
[20:28:24] [Server thread/INFO]: [ViaVersion] ViaVersion 5.2.1 is now loaded. Registering protocol transformers and injecting...
[20:28:25] [Via-Mappingloader-0/INFO]: [ViaVersion] Loading block connection mappings ...
[20:28:25] [Via-Mappingloader-0/INFO]: [ViaVersion] Using FastUtil Long2ObjectOpenHashMap for block connections
[20:28:25] [Server thread/INFO]: [floodgate] Loading floodgate v2.2.4-SNAPSHOT (b116-0e3163c)
[20:28:26] [Server thread/WARN]: [floodgate] en_ is not a supported Floodgate language.
[20:28:26] [Server thread/INFO]: [floodgate] Took 1,227ms to boot Floodgate
[20:28:26] [Server thread/INFO]: [WorldGuard] Loading WorldGuard v7.0.8+33cdb4a
[20:28:26] [Server thread/INFO]: [SkinsRestorer] Loading SkinsRestorer v15.6.0
[20:28:26] [Server thread/INFO]: [Geyser-Spigot] Loading Geyser-Spigot v2.6.1-SNAPSHOT
[20:28:28] [Server thread/INFO]: [Geyser-Spigot] Loading extensions...
[20:28:28] [Server thread/INFO]: [Geyser-Spigot] Loaded 0 extension(s)
[20:28:28] [Server thread/INFO]: Server permissions file permissions.yml is empty, ignoring it
[20:28:28] [Server thread/INFO]: [WorldEdit] Enabling WorldEdit v7.2.14+6360-094b734
[20:28:28] [Server thread/INFO]: Registering commands with com.sk89q.worldedit.bukkit.BukkitServerInterface
[20:28:28] [Server thread/INFO]: WEPIF: Using the Bukkit Permissions API.
[20:28:29] [Server thread/INFO]: Using com.sk89q.worldedit.bukkit.adapter.impl.v1_19_R1.PaperweightAdapter as the Bukkit adapter
[20:28:32] [Server thread/INFO]: [SkinsRestorer] Enabling SkinsRestorer v15.6.0
[20:28:33] [Server thread/WARN]: [33;1m[[32;22mSkinsRestorer[33;1m] [0;39m[33;1mYou must agree to the rules at 'commands.perSkinPermissionsConsent' in the config to use per skin permissions.[0;39m
[20:28:34] [Server thread/INFO]: [33;1m[[32;22mSkinsRestorer[33;1m] [0;39m[32;1mRunning on Minecraft [33;1m1.19.2[32;1m.[0;39m
[20:28:34] [Server thread/INFO]: [33;1m[[32;22mSkinsRestorer[33;1m] [0;39mFloodgate skin listener registered[0;39m
[20:28:35] [Server thread/INFO]: [33;1m[[32;22mSkinsRestorer[33;1m] [0;39mUsing paper join listener![0;39m
[20:28:35] [Server thread/WARN]: [33;1m[[32;22mSkinsRestorer[33;1m] [0;39m[33;1m[33;1mPlease update your Java runtime to at least Java 21 (your version is 17).[0;39m
[20:28:35] [Server thread/WARN]: [33;1m[[32;22mSkinsRestorer[33;1m] [0;39m[33;1m[33;1mAt some point in the future, SkinsRestorer will no longer be compatible with this version of Java.[0;39m
[20:28:35] [Server thread/WARN]: **** SERVER IS RUNNING IN OFFLINE/INSECURE MODE!
[20:28:35] [Server thread/WARN]: The server will make no attempt to authenticate usernames. Beware.
[20:28:35] [Server thread/WARN]: While this makes the game possible to play without internet access, it also opens up the ability for hackers to connect with any username they choose.
[20:28:35] [Server thread/WARN]: To change this, set "online-mode" to "true" in the server.properties file.
[20:28:35] [Server thread/INFO]: Preparing level "world"
[20:28:39] [Server thread/INFO]: Preparing start region for dimension minecraft:overworld
[20:28:39] [Server thread/INFO]: Time elapsed: 621 ms
[20:28:39] [Server thread/INFO]: Preparing start region for dimension minecraft:the_nether
[20:28:40] [Server thread/INFO]: Time elapsed: 183 ms
[20:28:40] [Server thread/INFO]: Preparing start region for dimension minecraft:the_end
[20:28:40] [Server thread/INFO]: Time elapsed: 230 ms
[20:28:40] [Server thread/INFO]: [ViaVersion] Enabling ViaVersion v5.2.1
[20:28:40] [Server thread/INFO]: [ViaVersion] ViaVersion detected server version: 1.19.1-1.19.2 (760)
[20:28:40] [Server thread/WARN]: [ViaVersion] Please update your Java runtime to at least Java 21 (your version is 17.0.14).
[20:28:40] [Server thread/WARN]: [ViaVersion] At some point in the future, ViaVersion will no longer be compatible with this version of Java.
[20:28:40] [Server thread/INFO]: [floodgate] Enabling floodgate v2.2.4-SNAPSHOT (b116-0e3163c)
[20:28:41] [Server thread/INFO]: [WorldGuard] Enabling WorldGuard v7.0.8+33cdb4a
[20:28:42] [Server thread/INFO]: [WorldGuard] (world) TNT ignition is PERMITTED.
[20:28:42] [Server thread/INFO]: [WorldGuard] (world) Lighters are PERMITTED.
[20:28:42] [Server thread/INFO]: [WorldGuard] (world) Lava fire is PERMITTED.
[20:28:42] [Server thread/INFO]: [WorldGuard] (world) Fire spread is UNRESTRICTED.
[20:28:42] [Server thread/INFO]: [WorldGuard] Loaded configuration for world 'world'
[20:28:42] [Server thread/INFO]: [WorldGuard] (world_nether) TNT ignition is PERMITTED.
[20:28:42] [Server thread/INFO]: [WorldGuard] (world_nether) Lighters are PERMITTED.
[20:28:42] [Server thread/INFO]: [WorldGuard] (world_nether) Lava fire is PERMITTED.
[20:28:42] [Server thread/INFO]: [WorldGuard] (world_nether) Fire spread is UNRESTRICTED.
[20:28:42] [Server thread/INFO]: [WorldGuard] Loaded configuration for world 'world_nether'
[20:28:43] [Server thread/INFO]: [WorldGuard] (world_the_end) TNT ignition is PERMITTED.
[20:28:43] [Server thread/INFO]: [WorldGuard] (world_the_end) Lighters are PERMITTED.
[20:28:43] [Server thread/INFO]: [WorldGuard] (world_the_end) Lava fire is PERMITTED.
[20:28:43] [Server thread/INFO]: [WorldGuard] (world_the_end) Fire spread is UNRESTRICTED.
[20:28:43] [Server thread/INFO]: [WorldGuard] Loaded configuration for world 'world_the_end'
[20:28:43] [Server thread/INFO]: [WorldGuard] Loading region data...
[20:28:43] [Server thread/INFO]: [Geyser-Spigot] Enabling Geyser-Spigot v2.6.1-SNAPSHOT
[20:28:45] [Server thread/INFO]: [Geyser-Spigot] ******************************************
[20:28:45] [Server thread/INFO]: [Geyser-Spigot] 
[20:28:45] [Server thread/INFO]: [Geyser-Spigot] Loading Geyser version 2.6.1-b784 (git-master-cc94d5a)
[20:28:45] [Server thread/INFO]: [Geyser-Spigot] 
[20:28:45] [Server thread/INFO]: [Geyser-Spigot] ******************************************
[20:29:03] [epollEventLoopGroup-3-1/INFO]: [Geyser-Spigot] Started Geyser on UDP port 3506
[20:29:03] [Server thread/INFO]: [Geyser-Spigot] Done (17.52s)! Run /geyser help for help!
[20:29:03] [Server thread/ERROR]: Couldn't load server icon
java.lang.IllegalStateException: Must be 64 pixels wide
	at org.apache.commons.lang3.Validate.validState(Validate.java:816) ~[commons-lang3-3.12.0.jar:3.12.0]
	at net.minecraft.server.MinecraftServer.lambda$updateStatusIcon$7(MinecraftServer.java:1355) ~[paper-1.19.2.jar:git-Paper-307]
	at java.util.Optional.ifPresent(Optional.java:178) ~[?:?]
	at net.minecraft.server.MinecraftServer.updateStatusIcon(MinecraftServer.java:1351) ~[paper-1.19.2.jar:git-Paper-307]
	at net.minecraft.server.MinecraftServer.runServer(MinecraftServer.java:1109) ~[paper-1.19.2.jar:git-Paper-307]
	at net.minecraft.server.MinecraftServer.lambda$spin$0(MinecraftServer.java:305) ~[paper-1.19.2.jar:git-Paper-307]
	at java.lang.Thread.run(Thread.java:840) ~[?:?]
[20:29:03] [Server thread/INFO]: Running delayed init tasks
[20:29:04] [Craft Scheduler Thread - 4 - ViaVersion/INFO]: [ViaVersion] Finished mapping loading, shutting down loader executor.
[20:29:04] [Server thread/INFO]: Done (45.384s)! For help, type "help"
[20:29:04] [Server thread/INFO]: Timings Reset
[20:29:04] [Craft Scheduler Thread - 5 - SkinsRestorer/INFO]: [33;1m[[32;22mSkinsRestorer[33;1m] [0;39m[32;1m----------------------------------------------[0;39m
[20:29:04] [Craft Scheduler Thread - 5 - SkinsRestorer/INFO]: [33;1m[[32;22mSkinsRestorer[33;1m] [0;39m[32;1m    +==================+[0;39m
[20:29:04] [Craft Scheduler Thread - 5 - SkinsRestorer/INFO]: [33;1m[[32;22mSkinsRestorer[33;1m] [0;39m[32;1m    |   SkinsRestorer  |[0;39m
[20:29:04] [Craft Scheduler Thread - 5 - SkinsRestorer/INFO]: [33;1m[[32;22mSkinsRestorer[33;1m] [0;39m[32;1m    |------------------|[0;39m
[20:29:04] [Craft Scheduler Thread - 5 - SkinsRestorer/INFO]: [33;1m[[32;22mSkinsRestorer[33;1m] [0;39m[32;1m    |  [34;1m[4m[21mStandalone Mode[0;39m[32;1m |[0;39m
[20:29:04] [Craft Scheduler Thread - 5 - SkinsRestorer/INFO]: [33;1m[[32;22mSkinsRestorer[33;1m] [0;39m[32;1m    +==================+[0;39m
[20:29:04] [Craft Scheduler Thread - 5 - SkinsRestorer/INFO]: [33;1m[[32;22mSkinsRestorer[33;1m] [0;39m[32;1m----------------------------------------------[0;39m
[20:29:04] [Craft Scheduler Thread - 5 - SkinsRestorer/INFO]: [33;1m[[32;22mSkinsRestorer[33;1m] [0;39m[36;1m    Version: [32;1m15.6.0[0;39m
[20:29:04] [Craft Scheduler Thread - 5 - SkinsRestorer/INFO]: [33;1m[[32;22mSkinsRestorer[33;1m] [0;39m[36;1m    Commit: [32;1mdec2ffc[0;39m
[20:29:04] [Craft Scheduler Thread - 5 - SkinsRestorer/INFO]: [33;1m[[32;22mSkinsRestorer[33;1m] [0;39m[32;1m    This is the latest version![0;39m
[20:29:04] [Craft Scheduler Thread - 5 - SkinsRestorer/INFO]: [33;1m[[32;22mSkinsRestorer[33;1m] [0;39m[32;1m----------------------------------------------[0;39m
[20:29:04] [Craft Scheduler Thread - 5 - SkinsRestorer/INFO]: [33;1m[[32;22mSkinsRestorer[33;1m] [0;39m[34;1mDo you have issues? Read our troubleshooting guide: [33;1mhttps://skinsrestorer.net/docs/troubleshooting[0;39m
[20:29:04] [Craft Scheduler Thread - 5 - SkinsRestorer/INFO]: [33;1m[[32;22mSkinsRestorer[33;1m] [0;39m[34;1mWant to support SkinsRestorer? Consider donating: [33;1mhttps://skinsrestorer.net/donate[0;39m
[20:31:39] [User Authenticator #0/INFO]: UUID of player Fezz_Bex is 201783e0-5d07-32e0-bae4-cdd7bd169a5c
[20:31:40] [Server thread/INFO]: Fezz_Bex joined the game
[20:31:40] [Server thread/INFO]: Fezz_Bex[/127.193.44.213:52815] logged in with entity id 261 at ([world]65.13453123212122, 116.467065861501, -237.55057250504424)
